<?xml version="1.0" encoding="UTF-8"?>
<!-- Generated by org.testng.reporters.JUnitReportReporter -->
<testsuite skipped="0" hostname="DESKTOP-MUUF13S" name="testCaseScenarios.regression.TC001_Register" tests="1" failures="0" timestamp="12 Feb 2022 03:40:28 GMT" time="16.634" errors="0">
  <testcase name="clickRegister" time="16.634" classname="testCaseScenarios.regression.TC001_Register"/>
</testsuite> <!-- testCaseScenarios.regression.TC001_Register -->
