<?xml version="1.0" encoding="UTF-8"?>
<!-- Generated by org.testng.reporters.JUnitReportReporter -->
<testsuite skipped="0" hostname="DESKTOP-MUUF13S" name="testCaseScenarios.smoke.TC003_ViewtheCart" tests="1" failures="0" timestamp="12 Feb 2022 03:35:33 GMT" time="5.223" errors="0">
  <testcase name="clickShoppingCart" time="5.223" classname="testCaseScenarios.smoke.TC003_ViewtheCart"/>
</testsuite> <!-- testCaseScenarios.smoke.TC003_ViewtheCart -->
