<?xml version="1.0" encoding="UTF-8"?>
<!-- Generated by org.testng.reporters.JUnitReportReporter -->
<testsuite skipped="0" hostname="DESKTOP-MUUF13S" name="testCaseScenarios.regression.TC009_Logout" tests="1" failures="0" timestamp="12 Feb 2022 03:40:28 GMT" time="9.891" errors="0">
  <testcase name="clickLogout" time="9.891" classname="testCaseScenarios.regression.TC009_Logout"/>
</testsuite> <!-- testCaseScenarios.regression.TC009_Logout -->
