<?xml version="1.0" encoding="UTF-8"?>
<!-- Generated by org.testng.reporters.JUnitReportReporter -->
<testsuite skipped="0" hostname="DESKTOP-MUUF13S" name="testCaseScenarios.regression.TC007_Returns" tests="1" failures="0" timestamp="12 Feb 2022 03:40:28 GMT" time="23.397" errors="0">
  <testcase name="clickReturns" time="23.397" classname="testCaseScenarios.regression.TC007_Returns"/>
</testsuite> <!-- testCaseScenarios.regression.TC007_Returns -->
