<?xml version="1.0" encoding="UTF-8"?>
<!-- Generated by org.testng.reporters.JUnitReportReporter -->
<testsuite skipped="0" hostname="DESKTOP-MUUF13S" name="testCaseScenarios.regression.TC002_Login" tests="1" failures="0" timestamp="12 Feb 2022 03:40:28 GMT" time="12.391" errors="0">
  <testcase name="clickLogin" time="12.391" classname="testCaseScenarios.regression.TC002_Login"/>
</testsuite> <!-- testCaseScenarios.regression.TC002_Login -->
