<?xml version="1.0" encoding="UTF-8"?>
<!-- Generated by org.testng.reporters.JUnitReportReporter -->
<testsuite skipped="0" hostname="DESKTOP-MUUF13S" name="testCaseScenarios.regression.TC004_ViewCart" tests="1" failures="0" timestamp="12 Feb 2022 03:40:28 GMT" time="4.829" errors="0">
  <testcase name="clickShoppingCart" time="4.829" classname="testCaseScenarios.regression.TC004_ViewCart"/>
</testsuite> <!-- testCaseScenarios.regression.TC004_ViewCart -->
