<?xml version="1.0" encoding="UTF-8"?>
<!-- Generated by org.testng.reporters.JUnitReportReporter -->
<testsuite skipped="0" hostname="DESKTOP-MUUF13S" name="testCaseScenarios.smoke.TC002_ShoppingProducts" tests="1" failures="0" timestamp="12 Feb 2022 03:35:33 GMT" time="38.772" errors="0">
  <testcase name="clickShopProducts" time="38.772" classname="testCaseScenarios.smoke.TC002_ShoppingProducts"/>
</testsuite> <!-- testCaseScenarios.smoke.TC002_ShoppingProducts -->
