<?xml version="1.0" encoding="UTF-8"?>
<!-- Generated by org.testng.reporters.JUnitReportReporter -->
<testsuite skipped="0" hostname="DESKTOP-MUUF13S" name="testCaseScenarios.smoke.TC004_EmptytheCart" tests="1" failures="0" timestamp="12 Feb 2022 03:55:28 GMT" time="23.203" errors="0">
  <testcase name="clickEmptyCart" time="23.203" classname="testCaseScenarios.smoke.TC004_EmptytheCart"/>
</testsuite> <!-- testCaseScenarios.smoke.TC004_EmptytheCart -->
