<?xml version="1.0" encoding="UTF-8"?>
<!-- Generated by org.testng.reporters.JUnitReportReporter -->
<testsuite skipped="0" hostname="DESKTOP-MUUF13S" name="testCaseScenarios.smoke.TC001_HomePage" tests="1" failures="0" timestamp="12 Feb 2022 03:55:28 GMT" time="8.905" errors="0">
  <testcase name="checkParentContainer" time="8.905" classname="testCaseScenarios.smoke.TC001_HomePage"/>
</testsuite> <!-- testCaseScenarios.smoke.TC001_HomePage -->
