<?xml version="1.0" encoding="UTF-8"?>
<!-- Generated by org.testng.reporters.JUnitReportReporter -->
<testsuite skipped="0" hostname="DESKTOP-MUUF13S" name="testCaseScenarios.regression.TC003_ShopProducts" tests="1" failures="0" timestamp="12 Feb 2022 03:55:28 GMT" time="37.105" errors="0">
  <testcase name="clickShopProducts" time="37.105" classname="testCaseScenarios.regression.TC003_ShopProducts"/>
</testsuite> <!-- testCaseScenarios.regression.TC003_ShopProducts -->
