<?xml version="1.0" encoding="UTF-8"?>
<!-- Generated by org.testng.reporters.JUnitReportReporter -->
<testsuite skipped="0" hostname="DESKTOP-MUUF13S" name="testCaseScenarios.regression.TC008_EmptyCart" tests="1" failures="0" timestamp="12 Feb 2022 03:55:28 GMT" time="24.682" errors="0">
  <testcase name="clickEmptyCart" time="24.682" classname="testCaseScenarios.regression.TC008_EmptyCart"/>
</testsuite> <!-- testCaseScenarios.regression.TC008_EmptyCart -->
