<?xml version="1.0" encoding="UTF-8"?>
<!-- Generated by org.testng.reporters.JUnitReportReporter -->
<testsuite skipped="0" hostname="DESKTOP-MUUF13S" name="testCaseScenarios.smoke.TC003_ViewtheCart" tests="1" failures="0" timestamp="12 Feb 2022 03:55:28 GMT" time="4.843" errors="0">
  <testcase name="clickShoppingCart" time="4.843" classname="testCaseScenarios.smoke.TC003_ViewtheCart"/>
</testsuite> <!-- testCaseScenarios.smoke.TC003_ViewtheCart -->
